#-----------------------------------------------------------
# Vivado v2023.2 (64-bit)
# SW Build 4029153 on Fri Oct 13 20:14:34 MDT 2023
# IP Build 4028589 on Sat Oct 14 00:45:43 MDT 2023
# SharedData Build 4025554 on Tue Oct 10 17:18:54 MDT 2023
# Start of session at: Wed Apr 15 22:02:33 2026
# Process ID: 29084
# Current directory: E:/Project/MLDSA/RO_TRNG/fpga1/xc7z020clg400
# Command line: vivado.exe -gui_launcher_event rodinguilauncherevent22376 E:\Project\MLDSA\RO_TRNG\fpga1\xc7z020clg400\xc7z020clg400.xpr
# Log file: E:/Project/MLDSA/RO_TRNG/fpga1/xc7z020clg400/vivado.log
# Journal file: E:/Project/MLDSA/RO_TRNG/fpga1/xc7z020clg400\vivado.jou
# Running On: gxy, OS: Windows, CPU Frequency: 3686 MHz, CPU Physical cores: 14, Host memory: 33752 MB
#-----------------------------------------------------------
start_gui
Sourcing tcl script 'C:/Programs/Xilinx2023/Vivado/2023.2/scripts/Vivado_init.tcl'
139 Beta devices matching pattern found, 0 enabled.
enable_beta_device: Time (s): cpu = 00:00:23 ; elapsed = 00:00:27 . Memory (MB): peak = 1250.422 ; gain = 144.141
WARNING: [Board 49-26] cannot add Board Part xilinx.com:vek280_es:part0:1.0 available at C:/Programs/Xilinx2023/Vivado/2023.2/data/xhub/boards/XilinxBoardStore/boards/Xilinx/vek280/es/rev_a/1.0/board.xml as part xcve2802-vsvh1760-2lp-e-s-es1 specified in board_part file is either invalid or not available
WARNING: [Board 49-26] cannot add Board Part xilinx.com:vek280_es:part0:1.1 available at C:/Programs/Xilinx2023/Vivado/2023.2/data/xhub/boards/XilinxBoardStore/boards/Xilinx/vek280/es/rev_a/1.1/board.xml as part xcve2802-vsvh1760-2lp-e-s-es1 specified in board_part file is either invalid or not available
WARNING: [Board 49-26] cannot add Board Part xilinx.com:vek280_es_revb:part0:1.0 available at C:/Programs/Xilinx2023/Vivado/2023.2/data/xhub/boards/XilinxBoardStore/boards/Xilinx/vek280/es/rev_b/1.0/board.xml as part xcve2802-vsvh1760-2mp-e-s-es1 specified in board_part file is either invalid or not available
WARNING: [Board 49-26] cannot add Board Part xilinx.com:vek280_es_revb:part0:1.1 available at C:/Programs/Xilinx2023/Vivado/2023.2/data/xhub/boards/XilinxBoardStore/boards/Xilinx/vek280/es/rev_b/1.1/board.xml as part xcve2802-vsvh1760-2mp-e-s-es1 specified in board_part file is either invalid or not available
WARNING: [Board 49-26] cannot add Board Part xilinx.com:vhk158_es:part0:1.0 available at C:/Programs/Xilinx2023/Vivado/2023.2/data/xhub/boards/XilinxBoardStore/boards/Xilinx/vhk158/es/1.0/board.xml as part xcvh1582-vsva3697-2mp-e-s-es1 specified in board_part file is either invalid or not available
WARNING: [Board 49-26] cannot add Board Part xilinx.com:vhk158_es:part0:1.1 available at C:/Programs/Xilinx2023/Vivado/2023.2/data/xhub/boards/XilinxBoardStore/boards/Xilinx/vhk158/es/1.1/board.xml as part xcvh1582-vsva3697-2mp-e-s-es1 specified in board_part file is either invalid or not available
WARNING: [Board 49-26] cannot add Board Part xilinx.com:zcu208ld:part0:2.0 available at C:/Programs/Xilinx2023/Vivado/2023.2/data/xhub/boards/XilinxBoardStore/boards/Xilinx/zcu208ld/production/2.0/board.xml as part xczu58dr-fsvg1517-2-i specified in board_part file is either invalid or not available
WARNING: [Board 49-26] cannot add Board Part xilinx.com:zcu216ld:part0:2.0 available at C:/Programs/Xilinx2023/Vivado/2023.2/data/xhub/boards/XilinxBoardStore/boards/Xilinx/zcu216ld/production/2.0/board.xml as part xczu59dr-ffvf1760-2-i specified in board_part file is either invalid or not available
WARNING: [Board 49-26] cannot add Board Part xilinx.com:zcu670:part0:2.0 available at C:/Programs/Xilinx2023/Vivado/2023.2/data/xhub/boards/XilinxBoardStore/boards/Xilinx/zcu670/2.0/board.xml as part xczu67dr-fsve1156-2-i specified in board_part file is either invalid or not available
WARNING: [Board 49-26] cannot add Board Part xilinx.com:zcu670ld:part0:1.0 available at C:/Programs/Xilinx2023/Vivado/2023.2/data/xhub/boards/XilinxBoardStore/boards/Xilinx/zcu670ld/1.0/board.xml as part xczu57dr-fsve1156-2-i specified in board_part file is either invalid or not available
open_project E:/Project/MLDSA/RO_TRNG/fpga1/xc7z020clg400/xc7z020clg400.xpr
Scanning sources...
Finished scanning sources
INFO: [IP_Flow 19-234] Refreshing IP repositories
INFO: [IP_Flow 19-1704] No user IP repositories specified
INFO: [IP_Flow 19-2313] Loaded Vivado IP repository 'C:/Programs/Xilinx2023/Vivado/2023.2/data/ip'.
open_project: Time (s): cpu = 00:00:11 ; elapsed = 00:00:06 . Memory (MB): peak = 1415.203 ; gain = 80.223
update_compile_order -fileset sources_1
open_run impl_1
INFO: [Device 21-403] Loading part xc7z020clg400-2
Netlist sorting complete. Time (s): cpu = 00:00:00 ; elapsed = 00:00:00.003 . Memory (MB): peak = 1841.840 ; gain = 0.000
INFO: [Netlist 29-17] Analyzing 10 Unisim elements for replacement
INFO: [Netlist 29-28] Unisim Transformation completed in 0 CPU seconds
INFO: [Project 1-479] Netlist was created with Vivado 2023.2
INFO: [Project 1-570] Preparing netlist for logic optimization
Read ShapeDB Complete: Time (s): cpu = 00:00:00 ; elapsed = 00:00:00.004 . Memory (MB): peak = 1922.875 ; gain = 0.000
INFO: [Timing 38-478] Restoring timing data from binary archive.
INFO: [Timing 38-479] Binary timing data restore complete.
INFO: [Project 1-856] Restoring constraints from binary archive.
INFO: [Project 1-853] Binary constraint restore complete.
INFO: [Designutils 20-5722] Start Reading Physical Databases.
Reading placement.
Read Netlist Cache: Time (s): cpu = 00:00:00 ; elapsed = 00:00:00.001 . Memory (MB): peak = 2525.594 ; gain = 0.000
Reading placer database...
Read Device Cache: Time (s): cpu = 00:00:00 ; elapsed = 00:00:00.015 . Memory (MB): peak = 2525.594 ; gain = 0.000
Read PlaceDB: Time (s): cpu = 00:00:00 ; elapsed = 00:00:00.012 . Memory (MB): peak = 2525.594 ; gain = 0.000
Read PulsedLatchDB: Time (s): cpu = 00:00:00 ; elapsed = 00:00:00 . Memory (MB): peak = 2525.594 ; gain = 0.000
Reading routing.
Read RouteStorage: Time (s): cpu = 00:00:00 ; elapsed = 00:00:00.013 . Memory (MB): peak = 2525.594 ; gain = 0.000
Read Physdb Files: Time (s): cpu = 00:00:00 ; elapsed = 00:00:00.053 . Memory (MB): peak = 2525.594 ; gain = 0.000
Restored from archive | CPU: 0.000000 secs | Memory: 0.000000 MB |
Finished XDEF File Restore: Time (s): cpu = 00:00:00 ; elapsed = 00:00:00.053 . Memory (MB): peak = 2525.594 ; gain = 0.000
Netlist sorting complete. Time (s): cpu = 00:00:00 ; elapsed = 00:00:00 . Memory (MB): peak = 2525.594 ; gain = 0.000
INFO: [Project 1-111] Unisim Transformation Summary:
No Unisim elements were transformed.

open_run: Time (s): cpu = 00:00:22 ; elapsed = 00:00:31 . Memory (MB): peak = 2644.500 ; gain = 1203.535
WARNING: [Timing 38-436] There are set_bus_skew constraint(s) in this design. Please run report_bus_skew to ensure that bus skew requirements are met.
mark_objects -color red [get_cells -hierarchical -filter {NAME =~ *u_entropy_source/RO_NUM_LOOP[*].RO_AND.u_LUT6_and2_1/u_LUT6}]
mark_objects -color yellow [get_cells -hierarchical -filter {NAME =~ *u_entropy_source/RO_NUM_LOOP[*].RO_STAGE_LOOP[*].u_LUT6_not1/u_LUT6}]
mark_objects -color blue [get_cells -hierarchical -filter {NAME =~ *sampled_data_reg[*]}]
foreach c [get_cells -hierarchical -filter {NAME =~ *u_entropy_source/RO_NUM_LOOP[*].RO_AND.u_LUT6_and2_1/u_LUT6}] {
    puts "[get_property NAME $c]  LOC=[get_property LOC $c]  BEL=[get_property BEL $c]"
}
u_entropy_source/RO_NUM_LOOP[0].RO_AND.u_LUT6_and2_1/u_LUT6  LOC=SLICE_X46Y45  BEL=SLICEM.A6LUT
u_entropy_source/RO_NUM_LOOP[1].RO_AND.u_LUT6_and2_1/u_LUT6  LOC=SLICE_X45Y43  BEL=SLICEL.A6LUT
u_entropy_source/RO_NUM_LOOP[2].RO_AND.u_LUT6_and2_1/u_LUT6  LOC=SLICE_X46Y44  BEL=SLICEM.A6LUT
u_entropy_source/RO_NUM_LOOP[3].RO_AND.u_LUT6_and2_1/u_LUT6  LOC=SLICE_X45Y43  BEL=SLICEL.C6LUT
u_entropy_source/RO_NUM_LOOP[4].RO_AND.u_LUT6_and2_1/u_LUT6  LOC=SLICE_X44Y43  BEL=SLICEL.A6LUT
u_entropy_source/RO_NUM_LOOP[5].RO_AND.u_LUT6_and2_1/u_LUT6  LOC=SLICE_X48Y43  BEL=SLICEL.A6LUT
u_entropy_source/RO_NUM_LOOP[6].RO_AND.u_LUT6_and2_1/u_LUT6  LOC=SLICE_X46Y45  BEL=SLICEM.C6LUT
u_entropy_source/RO_NUM_LOOP[7].RO_AND.u_LUT6_and2_1/u_LUT6  LOC=SLICE_X47Y45  BEL=SLICEL.A6LUT
foreach c [get_cells -hierarchical -filter {NAME =~ *u_entropy_source/RO_NUM_LOOP[*].RO_STAGE_LOOP[*].u_LUT6_not1/u_LUT6}] {
    puts "[get_property NAME $c]  LOC=[get_property LOC $c]  BEL=[get_property BEL $c]"
}
u_entropy_source/RO_NUM_LOOP[0].RO_STAGE_LOOP[0].u_LUT6_not1/u_LUT6  LOC=SLICE_X46Y45  BEL=SLICEM.B6LUT
u_entropy_source/RO_NUM_LOOP[1].RO_STAGE_LOOP[0].u_LUT6_not1/u_LUT6  LOC=SLICE_X45Y43  BEL=SLICEL.B6LUT
u_entropy_source/RO_NUM_LOOP[2].RO_STAGE_LOOP[0].u_LUT6_not1/u_LUT6  LOC=SLICE_X46Y44  BEL=SLICEM.B6LUT
u_entropy_source/RO_NUM_LOOP[3].RO_STAGE_LOOP[0].u_LUT6_not1/u_LUT6  LOC=SLICE_X45Y43  BEL=SLICEL.D6LUT
u_entropy_source/RO_NUM_LOOP[4].RO_STAGE_LOOP[0].u_LUT6_not1/u_LUT6  LOC=SLICE_X44Y43  BEL=SLICEL.B6LUT
u_entropy_source/RO_NUM_LOOP[5].RO_STAGE_LOOP[0].u_LUT6_not1/u_LUT6  LOC=SLICE_X48Y43  BEL=SLICEL.B6LUT
u_entropy_source/RO_NUM_LOOP[6].RO_STAGE_LOOP[0].u_LUT6_not1/u_LUT6  LOC=SLICE_X46Y45  BEL=SLICEM.D6LUT
u_entropy_source/RO_NUM_LOOP[7].RO_STAGE_LOOP[0].u_LUT6_not1/u_LUT6  LOC=SLICE_X47Y45  BEL=SLICEL.B6LUT
foreach c [get_cells -hierarchical -filter {NAME =~ *u_entropy_source/RO_NUM_LOOP[*].RO_STAGE_LOOP[*].u_LUT6_not1/u_LUT6}] {
    puts "[get_property NAME $c]  LOC=[get_property LOC $c]  BEL=[get_property BEL $c]"
}
u_entropy_source/RO_NUM_LOOP[0].RO_STAGE_LOOP[0].u_LUT6_not1/u_LUT6  LOC=SLICE_X46Y45  BEL=SLICEM.B6LUT
u_entropy_source/RO_NUM_LOOP[1].RO_STAGE_LOOP[0].u_LUT6_not1/u_LUT6  LOC=SLICE_X45Y43  BEL=SLICEL.B6LUT
u_entropy_source/RO_NUM_LOOP[2].RO_STAGE_LOOP[0].u_LUT6_not1/u_LUT6  LOC=SLICE_X46Y44  BEL=SLICEM.B6LUT
u_entropy_source/RO_NUM_LOOP[3].RO_STAGE_LOOP[0].u_LUT6_not1/u_LUT6  LOC=SLICE_X45Y43  BEL=SLICEL.D6LUT
u_entropy_source/RO_NUM_LOOP[4].RO_STAGE_LOOP[0].u_LUT6_not1/u_LUT6  LOC=SLICE_X44Y43  BEL=SLICEL.B6LUT
u_entropy_source/RO_NUM_LOOP[5].RO_STAGE_LOOP[0].u_LUT6_not1/u_LUT6  LOC=SLICE_X48Y43  BEL=SLICEL.B6LUT
u_entropy_source/RO_NUM_LOOP[6].RO_STAGE_LOOP[0].u_LUT6_not1/u_LUT6  LOC=SLICE_X46Y45  BEL=SLICEM.D6LUT
u_entropy_source/RO_NUM_LOOP[7].RO_STAGE_LOOP[0].u_LUT6_not1/u_LUT6  LOC=SLICE_X47Y45  BEL=SLICEL.B6LUT
